
> frontend@0.1.0 dev
> next dev

â–² Next.js 16.1.1 (Turbopack)
- Local:         http://localhost:3000
- Network:       http://10.0.0.246:3000

âœ“ Starting...
âœ“ Ready in 567ms
The width(-1) and height(-1) of chart should be greater than 0,
       please check the style of container, or the props width(100%) and height(100%),
       or add a minWidth(0) or minHeight(undefined) or use aspect(undefined) to control the
       height and width.
The width(-1) and height(-1) of chart should be greater than 0,
       please check the style of container, or the props width(100%) and height(100%),
       or add a minWidth(0) or minHeight(undefined) or use aspect(undefined) to control the
       height and width.
 GET / 200 in 731ms (compile: 510ms, render: 221ms)
 GET / 200 in 107ms (compile: 11ms, render: 96ms)
The width(-1) and height(-1) of chart should be greater than 0,
       please check the style of container, or the props width(100%) and height(100%),
       or add a minWidth(0) or minHeight(undefined) or use aspect(undefined) to control the
       height and width.
 GET / 200 in 60ms (compile: 18ms, render: 42ms)
âœ“ Compiled in 266ms
Persisting failed: Unable to open static sorted file referenced from 00000066.meta

Caused by:
    0: Unable to open static sorted file 00000065.sst
    1: No such file or directory (os error 2)
â¨¯ Error: ENOENT: no such file or directory, open '/Users/kushalshah/Documents/DocX/HealthcareAccountabilityProject/frontend/.next/dev/server/app/page/build-manifest.json'
    at ignore-listed frames {
  errno: -2,
  code: 'ENOENT',
  syscall: 'open',
  path: '/Users/kushalshah/Documents/DocX/HealthcareAccountabilityProject/frontend/.next/dev/server/app/page/build-manifest.json'
}
 GET / 500 in 767ms (compile: 699ms, render: 68ms)
Persisting failed: Another write batch or compaction is already active (Only a single write operations is allowed at a time)

thread 'tokio-runtime-worker' (2089011) panicked at /Users/geist/dev/actions-runner/_work/next.js/next.js/turbopack/crates/turbo-tasks-backend/src/backend/mod.rs:963:22:
Failed to lookup task type: Looking up task type for TaskId 148445 from database failed

Caused by:
    0: Unable to open static sorted file referenced from 00000050.meta
    1: Unable to open static sorted file 00000047.sst
    2: No such file or directory (os error 2)
note: run with `RUST_BACKTRACE=1` environment variable to display a backtrace

-----
[1m[31mFATAL[39m[0m: An unexpected Turbopack error occurred. A panic log has been written to /var/folders/74/w3x41jtj5l1d53vhnwj24zzc0000gn/T/next-panic-47f1d218e510370a7ca7d74bf4cb75c8.log.

To help make Turbopack better, report this error by ]8;;https://github.com/vercel/next.js/discussions/new?category=turbopack-error-report&title=Turbopack%20Error%3A%20Failed%20to%20write%20app%20endpoint%20%2Fpage&body=Turbopack%20version%3A%20%60v16.1.0-canary.19-84-g3aa53984e%60%0ANext.js%20version%3A%20%600.0.0%60%0A%0AError%20message%3A%0A%60%60%60%0AFailed%20to%20write%20app%20endpoint%20%2Fpage%0A%0ACaused%20by%3A%0A-%20%5Bproject%5D%2Fapp%2Fglobals.css%20%5Bapp-client%5D%20%28css%29%0A-%20creating%20new%20process%0A-%20node%20process%20exited%20before%20we%20could%20connect%20to%20it%20with%20exit%20status%3A%201%0A%0ADebug%20info%3A%0A-%20Execution%20of%20get_written_endpoint_with_issues_operation%20failed%0A-%20Execution%20of%20endpoint_write_to_disk%20failed%0A-%20Execution%20of%20%3CAppEndpoint%20as%20Endpoint%3E%3A%3Aoutput%20failed%0A-%20Failed%20to%20write%20app%20endpoint%20%2Fpage%0A-%20Execution%20of%20AppEndpoint%3A%3Aoutput%20failed%0A-%20Execution%20of%20AppProject%3A%3Aapp_module_graphs%20failed%0A-%20Execution%20of%20%2A%3CAppEndpoint%20as%20Endpoint%3E%3A%3Aadditional_entries%20failed%0A-%20Execution%20of%20%2AModuleGraph%3A%3Afrom_graphs%20failed%0A-%20Execution%20of%20SingleModuleGraph%3A%3Anew_with_entries_visited_intern%20failed%0A-%20%5Bproject%5D%2Fapp%2Fglobals.css%20%5Bapp-client%5D%20%28css%29%0A-%20Execution%20of%20primary_chunkable_referenced_modules%20failed%0A-%20Execution%20of%20%3CCssModuleAsset%20as%20Module%3E%3A%3Areferences%20failed%0A-%20Execution%20of%20parse_css%20failed%0A-%20Execution%20of%20%3CPostCssTransformedAsset%20as%20Asset%3E%3A%3Acontent%20failed%0A-%20Execution%20of%20PostCssTransformedAsset%3A%3Aprocess%20failed%0A-%20Execution%20of%20evaluate_webpack_loader%20failed%0A-%20creating%20new%20process%0A-%20node%20process%20exited%20before%20we%20could%20connect%20to%20it%20with%20exit%20status%3A%201%0A%20%20Process%20output%3A%0A%20%20%0A%20%20Process%20error%20output%3A%0A%20%20node%3Ainternal%2Fmodules%2Fcjs%2Floader%3A1147%0A%20%20%20%20throw%20err%3B%0A%20%20%20%20%5E%0A%20%20%0A%20%20Error%3A%20Cannot%20find%20module%20%27%2FUsers%2Fkushalshah%2FDocuments%2FDocX%2FHealthcareAccountabilityProject%2Ffrontend%2F.next%2Fdev%2Fbuild%2Fpostcss.js%27%0A%20%20%20%20%20%20at%20Module._resolveFilename%20%28node%3Ainternal%2Fmodules%2Fcjs%2Floader%3A1144%3A15%29%0A%20%20%20%20%20%20at%20Module._load%20%28node%3Ainternal%2Fmodules%2Fcjs%2Floader%3A985%3A27%29%0A%20%20%20%20%20%20at%20Function.executeUserEntryPoint%20%5Bas%20runMain%5D%20%28node%3Ainternal%2Fmodules%2Frun_main%3A135%3A12%29%0A%20%20%20%20%20%20at%20node%3Ainternal%2Fmain%2Frun_main_module%3A28%3A49%20%7B%0A%20%20%20%20code%3A%20%27MODULE_NOT_FOUND%27%2C%0A%20%20%7D%0A%20%20%0A%20%20Node.js%20v20.10.0%0A%60%60%60&labels=Turbopack,Turbopack%20Panic%20Backtrace\clicking here.]8;;\
-----


thread 'tokio-runtime-worker' (2091123) panicked at /Users/geist/dev/actions-runner/_work/next.js/next.js/turbopack/crates/turbo-tasks-backend/src/backend/mod.rs:963:22:
Failed to lookup task type: Looking up task type for TaskId 149042 from database failed

Caused by:
    0: Unable to open static sorted file referenced from 00000050.meta
    1: Unable to open static sorted file 00000047.sst
    2: No such file or directory (os error 2)

thread 'tokio-runtime-worker' (2091357) panicked at /Users/geist/dev/actions-runner/_work/next.js/next.js/turbopack/crates/turbo-tasks-backend/src/backend/mod.rs:963:22:
Failed to lookup task type: Looking up task type for TaskId 149219 from database failed

Caused by:
    0: Unable to open static sorted file referenced from 00000050.meta
    1: Unable to open static sorted file 00000047.sst
    2: No such file or directory (os error 2)
Error [TurbopackInternalError]: Failed to write app endpoint /page

Caused by:
- [project]/app/globals.css [app-client] (css)
- creating new process
- node process exited before we could connect to it with exit status: 1

Debug info:
- Execution of get_written_endpoint_with_issues_operation failed
- Execution of endpoint_write_to_disk failed
- Execution of <AppEndpoint as Endpoint>::output failed
- Failed to write app endpoint /page
- Execution of AppEndpoint::output failed
- Execution of AppProject::app_module_graphs failed
- Execution of *<AppEndpoint as Endpoint>::additional_entries failed
- Execution of *ModuleGraph::from_graphs failed
- Execution of SingleModuleGraph::new_with_entries_visited_intern failed
- [project]/app/globals.css [app-client] (css)
- Execution of primary_chunkable_referenced_modules failed
- Execution of <CssModuleAsset as Module>::references failed
- Execution of parse_css failed
- Execution of <PostCssTransformedAsset as Asset>::content failed
- Execution of PostCssTransformedAsset::process failed
- Execution of evaluate_webpack_loader failed
- creating new process
- node process exited before we could connect to it with exit status: 1
  Process output:
  
  Process error output:
  node:internal/modules/cjs/loader:1147
    throw err;
    ^
  
  Error: Cannot find module '/Users/kushalshah/Documents/DocX/HealthcareAccountabilityProject/frontend/.next/dev/build/postcss.js'
      at Module._resolveFilename (node:internal/modules/cjs/loader:1144:15)
      at Module._load (node:internal/modules/cjs/loader:985:27)
      at Function.executeUserEntryPoint [as runMain] (node:internal/modules/run_main:135:12)
      at node:internal/main/run_main_module:28:49 {
    code: 'MODULE_NOT_FOUND',
  }
  
  Node.js v20.10.0
    at <unknown> (TurbopackInternalError: Failed to write app endpoint /page) {
  location: undefined
}
Error: ENOENT: no such file or directory, open '/Users/kushalshah/Documents/DocX/HealthcareAccountabilityProject/frontend/.next/dev/server/pages/_app/build-manifest.json'
    at ignore-listed frames {
  errno: -2,
  code: 'ENOENT',
  syscall: 'open',
  path: '/Users/kushalshah/Documents/DocX/HealthcareAccountabilityProject/frontend/.next/dev/server/pages/_app/build-manifest.json'
}

-----
[1m[31mFATAL[39m[0m: An unexpected Turbopack error occurred. A panic log has been written to /var/folders/74/w3x41jtj5l1d53vhnwj24zzc0000gn/T/next-panic-47f1d218e510370a7ca7d74bf4cb75c8.log.

To help make Turbopack better, report this error by ]8;;https://github.com/vercel/next.js/discussions/new?category=turbopack-error-report&title=Turbopack%20Error%3A%20Failed%20to%20write%20app%20endpoint%20%2Fpage&body=Turbopack%20version%3A%20%60v16.1.0-canary.19-84-g3aa53984e%60%0ANext.js%20version%3A%20%600.0.0%60%0A%0AError%20message%3A%0A%60%60%60%0AFailed%20to%20write%20app%20endpoint%20%2Fpage%0A%0ACaused%20by%3A%0A-%20%5Bproject%5D%2Fapp%2Fglobals.css%20%5Bapp-client%5D%20%28css%29%0A-%20creating%20new%20process%0A-%20node%20process%20exited%20before%20we%20could%20connect%20to%20it%20with%20exit%20status%3A%201%0A%0ADebug%20info%3A%0A-%20Execution%20of%20get_written_endpoint_with_issues_operation%20failed%0A-%20Execution%20of%20endpoint_write_to_disk%20failed%0A-%20Execution%20of%20%3CAppEndpoint%20as%20Endpoint%3E%3A%3Aoutput%20failed%0A-%20Failed%20to%20write%20app%20endpoint%20%2Fpage%0A-%20Execution%20of%20AppEndpoint%3A%3Aoutput%20failed%0A-%20Execution%20of%20AppProject%3A%3Aapp_module_graphs%20failed%0A-%20Execution%20of%20%2A%3CAppEndpoint%20as%20Endpoint%3E%3A%3Aadditional_entries%20failed%0A-%20Execution%20of%20%2AModuleGraph%3A%3Afrom_graphs%20failed%0A-%20Execution%20of%20SingleModuleGraph%3A%3Anew_with_entries_visited_intern%20failed%0A-%20%5Bproject%5D%2Fapp%2Fglobals.css%20%5Bapp-client%5D%20%28css%29%0A-%20Execution%20of%20primary_chunkable_referenced_modules%20failed%0A-%20Execution%20of%20%3CCssModuleAsset%20as%20Module%3E%3A%3Areferences%20failed%0A-%20Execution%20of%20parse_css%20failed%0A-%20Execution%20of%20%3CPostCssTransformedAsset%20as%20Asset%3E%3A%3Acontent%20failed%0A-%20Execution%20of%20PostCssTransformedAsset%3A%3Aprocess%20failed%0A-%20Execution%20of%20evaluate_webpack_loader%20failed%0A-%20creating%20new%20process%0A-%20node%20process%20exited%20before%20we%20could%20connect%20to%20it%20with%20exit%20status%3A%201%0A%20%20Process%20output%3A%0A%20%20%0A%20%20Process%20error%20output%3A%0A%20%20node%3Ainternal%2Fmodules%2Fcjs%2Floader%3A1147%0A%20%20%20%20throw%20err%3B%0A%20%20%20%20%5E%0A%20%20%0A%20%20Error%3A%20Cannot%20find%20module%20%27%2FUsers%2Fkushalshah%2FDocuments%2FDocX%2FHealthcareAccountabilityProject%2Ffrontend%2F.next%2Fdev%2Fbuild%2Fpostcss.js%27%0A%20%20%20%20%20%20at%20Module._resolveFilename%20%28node%3Ainternal%2Fmodules%2Fcjs%2Floader%3A1144%3A15%29%0A%20%20%20%20%20%20at%20Module._load%20%28node%3Ainternal%2Fmodules%2Fcjs%2Floader%3A985%3A27%29%0A%20%20%20%20%20%20at%20Function.executeUserEntryPoint%20%5Bas%20runMain%5D%20%28node%3Ainternal%2Fmodules%2Frun_main%3A135%3A12%29%0A%20%20%20%20%20%20at%20node%3Ainternal%2Fmain%2Frun_main_module%3A28%3A49%20%7B%0A%20%20%20%20code%3A%20%27MODULE_NOT_FOUND%27%2C%0A%20%20%7D%0A%20%20%0A%20%20Node.js%20v20.10.0%0A%60%60%60&labels=Turbopack,Turbopack%20Panic%20Backtrace\clicking here.]8;;\
-----

Error [TurbopackInternalError]: Failed to write app endpoint /page

Caused by:
- [project]/app/globals.css [app-client] (css)
- creating new process
- node process exited before we could connect to it with exit status: 1

Debug info:
- Execution of get_written_endpoint_with_issues_operation failed
- Execution of endpoint_write_to_disk failed
- Execution of <AppEndpoint as Endpoint>::output failed
- Failed to write app endpoint /page
- Execution of AppEndpoint::output failed
- Execution of AppProject::app_module_graphs failed
- Execution of *<AppEndpoint as Endpoint>::additional_entries failed
- Execution of *ModuleGraph::from_graphs failed
- Execution of SingleModuleGraph::new_with_entries_visited_intern failed
- [project]/app/globals.css [app-client] (css)
- Execution of primary_chunkable_referenced_modules failed
- Execution of <CssModuleAsset as Module>::references failed
- Execution of parse_css failed
- Execution of <PostCssTransformedAsset as Asset>::content failed
- Execution of PostCssTransformedAsset::process failed
- Execution of evaluate_webpack_loader failed
- creating new process
- node process exited before we could connect to it with exit status: 1
  Process output:
  
  Process error output:
  node:internal/modules/cjs/loader:1147
    throw err;
    ^
  
  Error: Cannot find module '/Users/kushalshah/Documents/DocX/HealthcareAccountabilityProject/frontend/.next/dev/build/postcss.js'
      at Module._resolveFilename (node:internal/modules/cjs/loader:1144:15)
      at Module._load (node:internal/modules/cjs/loader:985:27)
      at Function.executeUserEntryPoint [as runMain] (node:internal/modules/run_main:135:12)
      at node:internal/main/run_main_module:28:49 {
    code: 'MODULE_NOT_FOUND',
  }
  
  Node.js v20.10.0
    at <unknown> (TurbopackInternalError: Failed to write app endpoint /page) {
  location: undefined
}
Error: ENOENT: no such file or directory, open '/Users/kushalshah/Documents/DocX/HealthcareAccountabilityProject/frontend/.next/dev/server/pages/_app/build-manifest.json'
    at ignore-listed frames {
  errno: -2,
  code: 'ENOENT',
  syscall: 'open',
  path: '/Users/kushalshah/Documents/DocX/HealthcareAccountabilityProject/frontend/.next/dev/server/pages/_app/build-manifest.json'
}

-----
[1m[31mFATAL[39m[0m: An unexpected Turbopack error occurred. A panic log has been written to /var/folders/74/w3x41jtj5l1d53vhnwj24zzc0000gn/T/next-panic-47f1d218e510370a7ca7d74bf4cb75c8.log.

To help make Turbopack better, report this error by ]8;;https://github.com/vercel/next.js/discussions/new?category=turbopack-error-report&title=Turbopack%20Error%3A%20Failed%20to%20write%20app%20endpoint%20%2Fpage&body=Turbopack%20version%3A%20%60v16.1.0-canary.19-84-g3aa53984e%60%0ANext.js%20version%3A%20%600.0.0%60%0A%0AError%20message%3A%0A%60%60%60%0AFailed%20to%20write%20app%20endpoint%20%2Fpage%0A%0ACaused%20by%3A%0A-%20%5Bproject%5D%2Fapp%2Fglobals.css%20%5Bapp-client%5D%20%28css%29%0A-%20creating%20new%20process%0A-%20node%20process%20exited%20before%20we%20could%20connect%20to%20it%20with%20exit%20status%3A%201%0A%0ADebug%20info%3A%0A-%20Execution%20of%20get_written_endpoint_with_issues_operation%20failed%0A-%20Execution%20of%20endpoint_write_to_disk%20failed%0A-%20Execution%20of%20%3CAppEndpoint%20as%20Endpoint%3E%3A%3Aoutput%20failed%0A-%20Failed%20to%20write%20app%20endpoint%20%2Fpage%0A-%20Execution%20of%20AppEndpoint%3A%3Aoutput%20failed%0A-%20Execution%20of%20AppProject%3A%3Aapp_module_graphs%20failed%0A-%20Execution%20of%20%2A%3CAppEndpoint%20as%20Endpoint%3E%3A%3Aadditional_entries%20failed%0A-%20Execution%20of%20%2AModuleGraph%3A%3Afrom_graphs%20failed%0A-%20Execution%20of%20SingleModuleGraph%3A%3Anew_with_entries_visited_intern%20failed%0A-%20%5Bproject%5D%2Fapp%2Fglobals.css%20%5Bapp-client%5D%20%28css%29%0A-%20Execution%20of%20primary_chunkable_referenced_modules%20failed%0A-%20Execution%20of%20%3CCssModuleAsset%20as%20Module%3E%3A%3Areferences%20failed%0A-%20Execution%20of%20parse_css%20failed%0A-%20Execution%20of%20%3CPostCssTransformedAsset%20as%20Asset%3E%3A%3Acontent%20failed%0A-%20Execution%20of%20PostCssTransformedAsset%3A%3Aprocess%20failed%0A-%20Execution%20of%20evaluate_webpack_loader%20failed%0A-%20creating%20new%20process%0A-%20node%20process%20exited%20before%20we%20could%20connect%20to%20it%20with%20exit%20status%3A%201%0A%20%20Process%20output%3A%0A%20%20%0A%20%20Process%20error%20output%3A%0A%20%20node%3Ainternal%2Fmodules%2Fcjs%2Floader%3A1147%0A%20%20%20%20throw%20err%3B%0A%20%20%20%20%5E%0A%20%20%0A%20%20Error%3A%20Cannot%20find%20module%20%27%2FUsers%2Fkushalshah%2FDocuments%2FDocX%2FHealthcareAccountabilityProject%2Ffrontend%2F.next%2Fdev%2Fbuild%2Fpostcss.js%27%0A%20%20%20%20%20%20at%20Module._resolveFilename%20%28node%3Ainternal%2Fmodules%2Fcjs%2Floader%3A1144%3A15%29%0A%20%20%20%20%20%20at%20Module._load%20%28node%3Ainternal%2Fmodules%2Fcjs%2Floader%3A985%3A27%29%0A%20%20%20%20%20%20at%20Function.executeUserEntryPoint%20%5Bas%20runMain%5D%20%28node%3Ainternal%2Fmodules%2Frun_main%3A135%3A12%29%0A%20%20%20%20%20%20at%20node%3Ainternal%2Fmain%2Frun_main_module%3A28%3A49%20%7B%0A%20%20%20%20code%3A%20%27MODULE_NOT_FOUND%27%2C%0A%20%20%7D%0A%20%20%0A%20%20Node.js%20v20.10.0%0A%60%60%60&labels=Turbopack,Turbopack%20Panic%20Backtrace\clicking here.]8;;\
-----

Error [TurbopackInternalError]: Failed to write app endpoint /page

Caused by:
- [project]/app/globals.css [app-client] (css)
- creating new process
- node process exited before we could connect to it with exit status: 1

Debug info:
- Execution of get_written_endpoint_with_issues_operation failed
- Execution of endpoint_write_to_disk failed
- Execution of <AppEndpoint as Endpoint>::output failed
- Failed to write app endpoint /page
- Execution of AppEndpoint::output failed
- Execution of AppProject::app_module_graphs failed
- Execution of *<AppEndpoint as Endpoint>::additional_entries failed
- Execution of *ModuleGraph::from_graphs failed
- Execution of SingleModuleGraph::new_with_entries_visited_intern failed
- [project]/app/globals.css [app-client] (css)
- Execution of primary_chunkable_referenced_modules failed
- Execution of <CssModuleAsset as Module>::references failed
- Execution of parse_css failed
- Execution of <PostCssTransformedAsset as Asset>::content failed
- Execution of PostCssTransformedAsset::process failed
- Execution of evaluate_webpack_loader failed
- creating new process
- node process exited before we could connect to it with exit status: 1
  Process output:
  
  Process error output:
  node:internal/modules/cjs/loader:1147
    throw err;
    ^
  
  Error: Cannot find module '/Users/kushalshah/Documents/DocX/HealthcareAccountabilityProject/frontend/.next/dev/build/postcss.js'
      at Module._resolveFilename (node:internal/modules/cjs/loader:1144:15)
      at Module._load (node:internal/modules/cjs/loader:985:27)
      at Function.executeUserEntryPoint [as runMain] (node:internal/modules/run_main:135:12)
      at node:internal/main/run_main_module:28:49 {
    code: 'MODULE_NOT_FOUND',
  }
  
  Node.js v20.10.0
    at <unknown> (TurbopackInternalError: Failed to write app endpoint /page) {
  location: undefined
}
Error: ENOENT: no such file or directory, open '/Users/kushalshah/Documents/DocX/HealthcareAccountabilityProject/frontend/.next/dev/server/pages/_app/build-manifest.json'
    at ignore-listed frames {
  errno: -2,
  code: 'ENOENT',
  syscall: 'open',
  path: '/Users/kushalshah/Documents/DocX/HealthcareAccountabilityProject/frontend/.next/dev/server/pages/_app/build-manifest.json'
}
Persisting failed: Another write batch or compaction is already active (Only a single write operations is allowed at a time)

-----
[1m[31mFATAL[39m[0m: An unexpected Turbopack error occurred. A panic log has been written to /var/folders/74/w3x41jtj5l1d53vhnwj24zzc0000gn/T/next-panic-47f1d218e510370a7ca7d74bf4cb75c8.log.

To help make Turbopack better, report this error by ]8;;https://github.com/vercel/next.js/discussions/new?category=turbopack-error-report&title=Turbopack%20Error%3A%20Failed%20to%20write%20app%20endpoint%20%2Fpage&body=Turbopack%20version%3A%20%60v16.1.0-canary.19-84-g3aa53984e%60%0ANext.js%20version%3A%20%600.0.0%60%0A%0AError%20message%3A%0A%60%60%60%0AFailed%20to%20write%20app%20endpoint%20%2Fpage%0A%0ACaused%20by%3A%0A-%20%5Bproject%5D%2Fapp%2Fglobals.css%20%5Bapp-client%5D%20%28css%29%0A-%20creating%20new%20process%0A-%20node%20process%20exited%20before%20we%20could%20connect%20to%20it%20with%20exit%20status%3A%201%0A%0ADebug%20info%3A%0A-%20Execution%20of%20get_written_endpoint_with_issues_operation%20failed%0A-%20Execution%20of%20endpoint_write_to_disk%20failed%0A-%20Execution%20of%20%3CAppEndpoint%20as%20Endpoint%3E%3A%3Aoutput%20failed%0A-%20Failed%20to%20write%20app%20endpoint%20%2Fpage%0A-%20Execution%20of%20AppEndpoint%3A%3Aoutput%20failed%0A-%20Execution%20of%20AppProject%3A%3Aapp_module_graphs%20failed%0A-%20Execution%20of%20%2A%3CAppEndpoint%20as%20Endpoint%3E%3A%3Aadditional_entries%20failed%0A-%20Execution%20of%20%2AModuleGraph%3A%3Afrom_graphs%20failed%0A-%20Execution%20of%20SingleModuleGraph%3A%3Anew_with_entries_visited_intern%20failed%0A-%20%5Bproject%5D%2Fapp%2Fglobals.css%20%5Bapp-client%5D%20%28css%29%0A-%20Execution%20of%20primary_chunkable_referenced_modules%20failed%0A-%20Execution%20of%20%3CCssModuleAsset%20as%20Module%3E%3A%3Areferences%20failed%0A-%20Execution%20of%20parse_css%20failed%0A-%20Execution%20of%20%3CPostCssTransformedAsset%20as%20Asset%3E%3A%3Acontent%20failed%0A-%20Execution%20of%20PostCssTransformedAsset%3A%3Aprocess%20failed%0A-%20Execution%20of%20evaluate_webpack_loader%20failed%0A-%20creating%20new%20process%0A-%20node%20process%20exited%20before%20we%20could%20connect%20to%20it%20with%20exit%20status%3A%201%0A%20%20Process%20output%3A%0A%20%20%0A%20%20Process%20error%20output%3A%0A%20%20node%3Ainternal%2Fmodules%2Fcjs%2Floader%3A1147%0A%20%20%20%20throw%20err%3B%0A%20%20%20%20%5E%0A%20%20%0A%20%20Error%3A%20Cannot%20find%20module%20%27%2FUsers%2Fkushalshah%2FDocuments%2FDocX%2FHealthcareAccountabilityProject%2Ffrontend%2F.next%2Fdev%2Fbuild%2Fpostcss.js%27%0A%20%20%20%20%20%20at%20Module._resolveFilename%20%28node%3Ainternal%2Fmodules%2Fcjs%2Floader%3A1144%3A15%29%0A%20%20%20%20%20%20at%20Module._load%20%28node%3Ainternal%2Fmodules%2Fcjs%2Floader%3A985%3A27%29%0A%20%20%20%20%20%20at%20Function.executeUserEntryPoint%20%5Bas%20runMain%5D%20%28node%3Ainternal%2Fmodules%2Frun_main%3A135%3A12%29%0A%20%20%20%20%20%20at%20node%3Ainternal%2Fmain%2Frun_main_module%3A28%3A49%20%7B%0A%20%20%20%20code%3A%20%27MODULE_NOT_FOUND%27%2C%0A%20%20%7D%0A%20%20%0A%20%20Node.js%20v20.10.0%0A%60%60%60&labels=Turbopack,Turbopack%20Panic%20Backtrace\clicking here.]8;;\
-----

Error [TurbopackInternalError]: Failed to write app endpoint /page

Caused by:
- [project]/app/globals.css [app-client] (css)
- creating new process
- node process exited before we could connect to it with exit status: 1

Debug info:
- Execution of get_written_endpoint_with_issues_operation failed
- Execution of endpoint_write_to_disk failed
- Execution of <AppEndpoint as Endpoint>::output failed
- Failed to write app endpoint /page
- Execution of AppEndpoint::output failed
- Execution of AppProject::app_module_graphs failed
- Execution of *<AppEndpoint as Endpoint>::additional_entries failed
- Execution of *ModuleGraph::from_graphs failed
- Execution of SingleModuleGraph::new_with_entries_visited_intern failed
- [project]/app/globals.css [app-client] (css)
- Execution of primary_chunkable_referenced_modules failed
- Execution of <CssModuleAsset as Module>::references failed
- Execution of parse_css failed
- Execution of <PostCssTransformedAsset as Asset>::content failed
- Execution of PostCssTransformedAsset::process failed
- Execution of evaluate_webpack_loader failed
- creating new process
- node process exited before we could connect to it with exit status: 1
  Process output:
  
  Process error output:
  node:internal/modules/cjs/loader:1147
    throw err;
    ^
  
  Error: Cannot find module '/Users/kushalshah/Documents/DocX/HealthcareAccountabilityProject/frontend/.next/dev/build/postcss.js'
      at Module._resolveFilename (node:internal/modules/cjs/loader:1144:15)
      at Module._load (node:internal/modules/cjs/loader:985:27)
      at Function.executeUserEntryPoint [as runMain] (node:internal/modules/run_main:135:12)
      at node:internal/main/run_main_module:28:49 {
    code: 'MODULE_NOT_FOUND',
  }
  
  Node.js v20.10.0
    at <unknown> (TurbopackInternalError: Failed to write app endpoint /page) {
  location: undefined
}
Error: ENOENT: no such file or directory, open '/Users/kushalshah/Documents/DocX/HealthcareAccountabilityProject/frontend/.next/dev/server/pages/_app/build-manifest.json'
    at ignore-listed frames {
  errno: -2,
  code: 'ENOENT',
  syscall: 'open',
  path: '/Users/kushalshah/Documents/DocX/HealthcareAccountabilityProject/frontend/.next/dev/server/pages/_app/build-manifest.json'
}
[?25h
